<?xml version="1.0" encoding="UTF-8"?>
<!-- Generated by org.testng.reporters.JUnitXMLReporter -->
<testsuite ignored="0" hostname="DTLPHY20" failures="0" tests="6" name="Test" time="38.044" errors="0" timestamp="2024-10-15T09:59:33 IST">
  <testcase classname="Groupingtests.class1" name="openapp" time="13.013"/>
  <testcase classname="Groupingtests.class1" name="login" time="1.091"/>
  <testcase classname="Groupingtests.class1" name="click" time="3.114"/>
  <testcase classname="Groupingtests.class1" name="click2" time="3.038"/>
  <testcase classname="Groupingtests.class1" name="click3" time="3.019"/>
  <testcase classname="Groupingtests.class1" name="Logout" time="14.645"/>
</testsuite> <!-- Test -->
